Release 14.7 - xst P.20131013 (lin64)
Copyright (c) 1995-2013 Xilinx, Inc.  All rights reserved.
--> 
Parameter TMPDIR set to xst/projnav.tmp


Total REAL time to Xst completion: 0.00 secs
Total CPU time to Xst completion: 0.06 secs
 
--> 
Parameter xsthdpdir set to xst


Total REAL time to Xst completion: 0.00 secs
Total CPU time to Xst completion: 0.06 secs
 
--> 
Reading design: lab2_example.prj

TABLE OF CONTENTS
  1) Synthesis Options Summary
  2) HDL Compilation
  3) Design Hierarchy Analysis
  4) HDL Analysis
  5) HDL Synthesis
     5.1) HDL Synthesis Report
  6) Advanced HDL Synthesis
     6.1) Advanced HDL Synthesis Report
  7) Low Level Synthesis
  8) Partition Report
  9) Final Report
	9.1) Device utilization summary
	9.2) Partition Resource Summary
	9.3) TIMING REPORT


=========================================================================
*                      Synthesis Options Summary                        *
=========================================================================
---- Source Parameters
Input File Name                    : "lab2_example.prj"
Input Format                       : mixed
Ignore Synthesis Constraint File   : NO

---- Target Parameters
Output File Name                   : "lab2_example"
Output Format                      : NGC
Target Device                      : xc3s200-5-ft256

---- Source Options
Top Module Name                    : lab2_example
Automatic FSM Extraction           : YES
FSM Encoding Algorithm             : Auto
Safe Implementation                : No
FSM Style                          : LUT
RAM Extraction                     : Yes
RAM Style                          : Auto
ROM Extraction                     : Yes
Mux Style                          : Auto
Decoder Extraction                 : YES
Priority Encoder Extraction        : Yes
Shift Register Extraction          : YES
Logical Shifter Extraction         : YES
XOR Collapsing                     : YES
ROM Style                          : Auto
Mux Extraction                     : Yes
Resource Sharing                   : YES
Asynchronous To Synchronous        : NO
Multiplier Style                   : Auto
Automatic Register Balancing       : No

---- Target Options
Add IO Buffers                     : YES
Global Maximum Fanout              : 500
Add Generic Clock Buffer(BUFG)     : 8
Register Duplication               : YES
Slice Packing                      : YES
Optimize Instantiated Primitives   : NO
Use Clock Enable                   : Yes
Use Synchronous Set                : Yes
Use Synchronous Reset              : Yes
Pack IO Registers into IOBs        : Auto
Equivalent register Removal        : YES

---- General Options
Optimization Goal                  : Speed
Optimization Effort                : 1
Keep Hierarchy                     : No
Netlist Hierarchy                  : As_Optimized
RTL Output                         : Yes
Global Optimization                : AllClockNets
Read Cores                         : YES
Write Timing Constraints           : NO
Cross Clock Analysis               : NO
Hierarchy Separator                : /
Bus Delimiter                      : <>
Case Specifier                     : Maintain
Slice Utilization Ratio            : 100
BRAM Utilization Ratio             : 100
Verilog 2001                       : YES
Auto BRAM Packing                  : NO
Slice Utilization Ratio Delta      : 5

=========================================================================


=========================================================================
*                          HDL Compilation                              *
=========================================================================
Compiling verilog file "lab2_example.v" in library work
Module <lab2_example> compiled
No errors in compilation
Analysis of file <"lab2_example.prj"> succeeded.
 

=========================================================================
*                     Design Hierarchy Analysis                         *
=========================================================================
Analyzing hierarchy for module <lab2_example> in library <work> with parameters.
	STATE0 = "10"
	STATE1 = "00"
	STATE2 = "11"
	STATE3 = "01"


=========================================================================
*                            HDL Analysis                               *
=========================================================================
Analyzing top module <lab2_example>.
	STATE0 = 2'b10
	STATE1 = 2'b00
	STATE2 = 2'b11
	STATE3 = 2'b01
Module <lab2_example> is correct for synthesis.
 

=========================================================================
*                           HDL Synthesis                               *
=========================================================================

Performing bidirectional port resolution...

Synthesizing Unit <lab2_example>.
    Related source file is "lab2_example.v".
WARNING:Xst:647 - Input <count> is never used. This port will be preserved and left unconnected if it belongs to a top-level block or it belongs to a sub-block and the hierarchy of this sub-block is preserved.
    Found 1-bit xor2 for signal <cnt$xor0000> created at line 29.
    Found 21-bit up counter for signal <counter>.
    Found 2-bit register for signal <s>.
    Summary:
	inferred   1 Counter(s).
	inferred   2 D-type flip-flop(s).
Unit <lab2_example> synthesized.


=========================================================================
HDL Synthesis Report

Macro Statistics
# Counters                                             : 1
 21-bit up counter                                     : 1
# Registers                                            : 1
 2-bit register                                        : 1
# Xors                                                 : 1
 1-bit xor2                                            : 1

=========================================================================

=========================================================================
*                       Advanced HDL Synthesis                          *
=========================================================================


=========================================================================
Advanced HDL Synthesis Report

Macro Statistics
# Counters                                             : 1
 21-bit up counter                                     : 1
# Registers                                            : 2
 Flip-Flops                                            : 2
# Xors                                                 : 1
 1-bit xor2                                            : 1

=========================================================================

=========================================================================
*                         Low Level Synthesis                           *
=========================================================================

Optimizing unit <lab2_example> ...

Mapping all equations...
Building and optimizing final netlist ...
Found area constraint ratio of 100 (+ 5) on block lab2_example, actual ratio is 0.

Final Macro Processing ...

=========================================================================
Final Register Report

Macro Statistics
# Registers                                            : 23
 Flip-Flops                                            : 23

=========================================================================

=========================================================================
*                           Partition Report                            *
=========================================================================

Partition Implementation Status
-------------------------------

  No Partitions were found in this design.

-------------------------------

=========================================================================
*                            Final Report                               *
=========================================================================
Final Results
RTL Top Level Output File Name     : lab2_example.ngr
Top Level Output File Name         : lab2_example
Output Format                      : NGC
Optimization Goal                  : Speed
Keep Hierarchy                     : No

Design Statistics
# IOs                              : 6

Cell Usage :
# BELS                             : 80
#      GND                         : 1
#      INV                         : 1
#      LUT1                        : 20
#      LUT2                        : 4
#      LUT3                        : 1
#      LUT4                        : 5
#      MUXCY                       : 26
#      VCC                         : 1
#      XORCY                       : 21
# FlipFlops/Latches                : 23
#      FDR                         : 22
#      FDS                         : 1
# Clock Buffers                    : 1
#      BUFGP                       : 1
# IO Buffers                       : 4
#      IBUF                        : 1
#      OBUF                        : 3
=========================================================================

Device utilization summary:
---------------------------

Selected Device : 3s200ft256-5 

 Number of Slices:                       16  out of   1920     0%  
 Number of Slice Flip Flops:             23  out of   3840     0%  
 Number of 4 input LUTs:                 31  out of   3840     0%  
 Number of IOs:                           6
 Number of bonded IOBs:                   5  out of    173     2%  
 Number of GCLKs:                         1  out of      8    12%  

---------------------------
Partition Resource Summary:
---------------------------

  No Partitions were found in this design.

---------------------------


=========================================================================
TIMING REPORT

NOTE: THESE TIMING NUMBERS ARE ONLY A SYNTHESIS ESTIMATE.
      FOR ACCURATE TIMING INFORMATION PLEASE REFER TO THE TRACE REPORT
      GENERATED AFTER PLACE-and-ROUTE.

Clock Information:
------------------
-----------------------------------+------------------------+-------+
Clock Signal                       | Clock buffer(FF name)  | Load  |
-----------------------------------+------------------------+-------+
clk                                | BUFGP                  | 23    |
-----------------------------------+------------------------+-------+

Asynchronous Control Signals Information:
----------------------------------------
No asynchronous control signals found in this design

Timing Summary:
---------------
Speed Grade: -5

   Minimum period: 4.637ns (Maximum Frequency: 215.638MHz)
   Minimum input arrival time before clock: 4.440ns
   Maximum output required time after clock: 7.773ns
   Maximum combinational path delay: No path found

Timing Detail:
--------------
All values displayed in nanoseconds (ns)

=========================================================================
Timing constraint: Default period analysis for Clock 'clk'
  Clock period: 4.637ns (frequency: 215.638MHz)
  Total number of paths / destination ports: 299 / 44
-------------------------------------------------------------------------
Delay:               4.637ns (Levels of Logic = 8)
  Source:            counter_3 (FF)
  Destination:       s_0 (FF)
  Source Clock:      clk rising
  Destination Clock: clk rising

  Data Path: counter_3 to s_0
                                Gate     Net
    Cell:in->out      fanout   Delay   Delay  Logical Name (Net Name)
    ----------------------------------------  ------------
     FDR:C->Q              2   0.626   1.040  counter_3 (counter_3)
     LUT2:I0->O            1   0.479   0.000  sn<0>1_wg_lut<0> (sn<0>1_wg_lut<0>)
     MUXCY:S->O            1   0.435   0.000  sn<0>1_wg_cy<0> (sn<0>1_wg_cy<0>)
     MUXCY:CI->O           1   0.056   0.000  sn<0>1_wg_cy<1> (sn<0>1_wg_cy<1>)
     MUXCY:CI->O           1   0.055   0.000  sn<0>1_wg_cy<2> (sn<0>1_wg_cy<2>)
     MUXCY:CI->O           1   0.056   0.000  sn<0>1_wg_cy<3> (sn<0>1_wg_cy<3>)
     MUXCY:CI->O           1   0.056   0.000  sn<0>1_wg_cy<4> (sn<0>1_wg_cy<4>)
     MUXCY:CI->O           2   0.265   0.915  sn<0>1_wg_cy<5> (sn<0>1_wg_cy<5>)
     LUT2:I1->O            1   0.479   0.000  sn<0>11 (sn<0>11)
     FDR:D                     0.176          s_0
    ----------------------------------------
    Total                      4.637ns (2.682ns logic, 1.956ns route)
                                       (57.8% logic, 42.2% route)

=========================================================================
Timing constraint: Default OFFSET IN BEFORE for Clock 'clk'
  Total number of paths / destination ports: 23 / 23
-------------------------------------------------------------------------
Offset:              4.440ns (Levels of Logic = 2)
  Source:            rst (PAD)
  Destination:       counter_0 (FF)
  Destination Clock: clk rising

  Data Path: rst to counter_0
                                Gate     Net
    Cell:in->out      fanout   Delay   Delay  Logical Name (Net Name)
    ----------------------------------------  ------------
     IBUF:I->O             3   0.715   1.066  rst_IBUF (rst_IBUF)
     LUT2:I0->O           21   0.479   1.288  counter_or00001 (counter_or0000)
     FDR:R                     0.892          counter_0
    ----------------------------------------
    Total                      4.440ns (2.086ns logic, 2.354ns route)
                                       (47.0% logic, 53.0% route)

=========================================================================
Timing constraint: Default OFFSET OUT AFTER for Clock 'clk'
  Total number of paths / destination ports: 4 / 3
-------------------------------------------------------------------------
Offset:              7.773ns (Levels of Logic = 2)
  Source:            s_1 (FF)
  Destination:       cnt (PAD)
  Source Clock:      clk rising

  Data Path: s_1 to cnt
                                Gate     Net
    Cell:in->out      fanout   Delay   Delay  Logical Name (Net Name)
    ----------------------------------------  ------------
     FDS:C->Q              5   0.626   1.078  s_1 (s_1)
     LUT2:I0->O            1   0.479   0.681  cnt1 (cnt_OBUF)
     OBUF:I->O                 4.909          cnt_OBUF (cnt)
    ----------------------------------------
    Total                      7.773ns (6.014ns logic, 1.759ns route)
                                       (77.4% logic, 22.6% route)

=========================================================================


Total REAL time to Xst completion: 5.00 secs
Total CPU time to Xst completion: 5.00 secs
 
--> 


Total memory usage is 500064 kilobytes

Number of errors   :    0 (   0 filtered)
Number of warnings :    1 (   0 filtered)
Number of infos    :    0 (   0 filtered)

