--------------------------------------------------------------------------------
Release 14.7 Trace  (lin64)
Copyright (c) 1995-2013 Xilinx, Inc.  All rights reserved.

/opt/Xilinx/14.7/ISE_DS/ISE/bin/lin64/unwrapped/trce -intstyle ise -v 3 -s 5 -n
3 -fastpaths -xml automata.twx automata.ncd -o automata.twr automata.pcf

Design file:              automata.ncd
Physical constraint file: automata.pcf
Device,package,speed:     xc3s200,pq208,-5 (PRODUCTION 1.39 2013-10-13)
Report level:             verbose report

Environment Variable      Effect 
--------------------      ------ 
NONE                      No environment variables were set
--------------------------------------------------------------------------------

INFO:Timing:2698 - No timing constraints found, doing default enumeration.
INFO:Timing:3412 - To improve timing, see the Timing Closure User Guide (UG612).
INFO:Timing:2752 - To get complete path coverage, use the unconstrained paths 
   option. All paths that are not constrained will be reported in the 
   unconstrained paths section(s) of the report.
INFO:Timing:3339 - The clock-to-out numbers in this timing report are based on 
   a 50 Ohm transmission line loading model.  For the details of this model, 
   and for more information on accounting for different loading conditions, 
   please see the device datasheet.
INFO:Timing:3390 - This architecture does not support a default System Jitter 
   value, please add SYSTEM_JITTER constraint to the UCF to modify the Clock 
   Uncertainty calculation.
INFO:Timing:3389 - This architecture does not support 'Discrete Jitter' and 
   'Phase Error' calculations, these terms will be zero in the Clock 
   Uncertainty calculation.  Please make appropriate modification to 
   SYSTEM_JITTER to account for the unsupported Discrete Jitter and Phase 
   Error.



Data Sheet report:
-----------------
All values displayed in nanoseconds (ns)

Setup/Hold to clock clk
------------+------------+------------+------------------+--------+
            |Max Setup to|Max Hold to |                  | Clock  |
Source      | clk (edge) | clk (edge) |Internal Clock(s) | Phase  |
------------+------------+------------+------------------+--------+
U<0>        |    6.400(R)|   -0.864(R)|clk_BUFGP         |   0.000|
U<1>        |    4.743(R)|   -0.787(R)|clk_BUFGP         |   0.000|
U<2>        |    5.926(R)|   -0.152(R)|clk_BUFGP         |   0.000|
U<3>        |    5.028(R)|   -0.475(R)|clk_BUFGP         |   0.000|
U<4>        |    5.427(R)|    0.210(R)|clk_BUFGP         |   0.000|
U<5>        |    4.638(R)|   -0.247(R)|clk_BUFGP         |   0.000|
U<6>        |    4.454(R)|    0.186(R)|clk_BUFGP         |   0.000|
U<7>        |    5.176(R)|   -0.147(R)|clk_BUFGP         |   0.000|
rst         |    2.224(R)|    0.300(R)|clk_BUFGP         |   0.000|
------------+------------+------------+------------------+--------+

Clock clk to Pad
------------+------------+------------------+--------+
            | clk (edge) |                  | Clock  |
Destination |   to PAD   |Internal Clock(s) | Phase  |
------------+------------+------------------+--------+
C<0>        |    7.936(R)|clk_BUFGP         |   0.000|
C<1>        |    7.291(R)|clk_BUFGP         |   0.000|
C<2>        |    8.381(R)|clk_BUFGP         |   0.000|
C<3>        |    8.218(R)|clk_BUFGP         |   0.000|
C<4>        |    8.259(R)|clk_BUFGP         |   0.000|
C<5>        |    7.938(R)|clk_BUFGP         |   0.000|
C<6>        |    8.381(R)|clk_BUFGP         |   0.000|
C<7>        |    7.626(R)|clk_BUFGP         |   0.000|
------------+------------+------------------+--------+

Clock to Setup on destination clock clk
---------------+---------+---------+---------+---------+
               | Src:Rise| Src:Fall| Src:Rise| Src:Fall|
Source Clock   |Dest:Rise|Dest:Rise|Dest:Fall|Dest:Fall|
---------------+---------+---------+---------+---------+
clk            |    4.193|         |         |         |
---------------+---------+---------+---------+---------+


Analysis completed Fri Nov 22 00:06:38 2024 
--------------------------------------------------------------------------------

Trace Settings:
-------------------------
Trace Settings 

Peak Memory Usage: 302 MB



